34.498 119.542 32.7 JS.XW
34.505 118.772 28.5 JS.DH
33.544 118.156 29.9 JS.SH
32.148 119.447 31.4 JS.ZJ
31.646 119.114 29.0 JS.LIS
31.475  118.577  29.3 AH.DTT
30.043  118.628  31.7 AH.JXT 
30.208  117.473  33.5 AH.SHT 
30.222  118.121  32   AH.TAP 
30.461  116.236  28.4 AH.TAU  
30.954  118.810  31.1 AH.XCJ 
27.490  120.418  31   ZJ.CAN 
28.078  119.125  30.2 ZJ.LOQ  
29.949  119.481  33.2 ZJ.TOL  
28.816  119.649  32.1 ZJ.WUY
30.6658 120.3432 30.1 004
30.2961 120.5401 29.5 006
31.0664 120.3925 29.8 007
30.1255 120.9917 30.3 010
29.9288 120.5134 31.6 041
30.6231 121.1179 30.4 054
30.4805 120.377  29.9 201
31.1466 120.28   31.5 206
30.5131 119.596  32.8 207
30.2147 119.786  32.0 281
30.7077 119.717  32.1 283
30.9795 119.68   32.2 284
30.814  119.373  32.2 287
30.5825 120.082  30.8 288
32.0762 119.671  30.0 289
31.3132 119.708  32.0 291
31.8285 120.179  29.3 292
30.1087 122.048  29.4 293
30.4538 122.365  31.6 299
30.577  118.996  35.4 301
30.3135 122.204  30.5 302
30.5763 119.334  29.6 303
31.0597 119.308  32.0 304
30.2903 119.381  32.6 305
30.0001 119.335  31.3 306
30.580 117.020   30   AH.ANQ
31.473 117.376   32.3 AH.BAS
32.906 117.297   26.9 AH.BEB
32.285 118.280   27.7 AH.CHZ
32.644 117.469   33.3 AH.DYN
31.349 116.270   34.8 AH.FZL
33.982 116.790   32.7 AH.HBE
31.824 117.142   32.9 AH.HEF
32.633 116.804   31.1 AH.HNA
31.770 118.058   28.5 AH.HSH
29.706 118.378   32.9 AH.HUS
32.811 118.262   29   AH.JAS
30.699 118.378   32.7 AH.JIX
31.689 115.884   35.2 AH.JZA
31.715 116.501   34.4 AH.LAN
33.350 116.480   32.6 AH.MCG
31.348 116.984   32.2 AH.SCH
33.558 117.859   31.0 AH.SIX
30.925 117.819   32.0 AH.TOL
31.670 120.715   27.0 JS.CS
31.773 120.098   31.4 JS.CZ
34.943 118.983   32.4 JS.GAY
31.353 119.017   29.3 JS.GC
34.309 119.238   30.1 JS.GUY
33.615 119.005   28.7 JS.HUA
32.066 120.303   34.1 JS.JJ
31.390 120.950   31   JS.KS
32.515 118.945   25.2 JS.LH
31.384 119.462   31.4 JS.LY
34.641 119.243   32.8 JS.LYG
32.052 118.854   29.8 JS.NJ2
31.952 120.891   31.0 JS.NT
34.800 116.900   32.7 JS.PX
34.520 117.967   31.7 JS.PZ
31.836 121.685   30.8 JS.QD
32.401 121.135   32.4 JS.RD
34.050 118.307   30   JS.SQ
32.409 119.919   32.3 JS.TZ
31.525 120.223   27.4 JS.WX
34.381 118.389   31.2 JS.XIY
33.070 118.490   27.1 JS.XY
34.231 117.166   33.4 JS.XZ
31.155 119.637   31.5 JS.YX
30.583 122.067   30.2 SH.DYS
30.448 119.798   30.7 SH.HUH
30.792 121.259   29.7 SH.QHS
31.100 121.186   31.1 SH.SSE
31.078 121.148   31.3 SH.TMS
31.289 120.494   33.0 SH.TPS
31.058 121.142   30.0 SH.XKS
29.470 118.413   31.4 ZJ.CHA
31.087 119.658   31.9 ZJ.CHX
30.383 120.848   27.2 ZJ.HAY
30.267 120.114   30.4 ZJ.HAZ
30.842 120.095   30.2 ZJ.HUZ
30.780 120.888   30.4 ZJ.JAX
30.143 118.958   35.3 ZJ.LIA
29.984 121.520   29.8 ZJ.NIB
29.246 121.704   29.1 ZJ.NIH
27.616 119.064   33.4 ZJ.QIY
27.460 121.070   28.7 ZJ.NJD
30.706 122.451   31.1 ZJ.SHS
28.450 119.510   31.7 ZJ.SOY
27.927 120.668   28.7 ZJ.WEZ
28.696 118.826   29.1 ZJ.WXJ
29.482 119.271   34.2 ZJ.XAJ
29.482 120.862   29.9 ZJ.XIC
28.880 120.770   29.8 ZJ.XJU
29.894 120.105   32.4 ZJ.XSH
29.801 121.326   30.2 ZJ.YIX
28.962 120.201   28.7 ZJ.YOK
28.415 121.080   31.0 ZJ.YUQ
29.953 121.094   29.9 ZJ.YUY
30.038 122.117   30.7 ZJ.ZHS
31.68040 117.52000 31.7 ah202
31.69270 118.56900 30.7 ah204
31.58240 116.44800 33.3 ah206
31.34930 116.98500 32.7 ah207
31.20570 117.82800 32.0 ah208
31.07470 118.17300 30.3 ah209
30.96480 118.94400 29.2 ah210
31.11740 116.30000 36.0 ah211 
30.69300 118.97600 31.6 ah214
30.80010 119.27800 32.8 ah215
30.46190 116.23700 28.7 ah216
31.05320 116.94000 32.5 ah217
30.58510 117.01900 29.8 ah218
30.34130 118.54600 29.0 ah219
30.30010 118.72400 30.1 ah220
32.07350 115.13200 31.4 HN04
32.06100 115.77900 29.6 HN05
31.63890 115.02000 32.2 HN10
31.12940 115.53900 35.3 HN15
30.59630 115.23600 32.3 HN21
29.69040 115.24100 32.7 HN29
29.16850 115.38100 30.8 C001
28.71900 115.38400 29.0 C002
28.28170 115.42200 28.8 C003
28.29460 115.94600 27.9 C006
30.25660 115.52000 31.4 C010
29.66990 115.72300 31.6 C011
28.75590 116.17300 28.5 C014
28.23650 116.64800 28.7 C015
29.08040 116.69000 26.7 C020
29.66320 116.64000 32.8 C021
28.79380 117.25100 31.7 C023
29.25670 117.41200 32.1 C024
29.34910 117.33400 26.0 C025
30.13560 117.33900 33.9 C35
30.42450 117.91800 32.0 C36
30.08700 117.95500 33.4 C38
29.67270 118.07100 33.2 C39
29.98820 118.47000 30.5 C40
29.28120 117.90100 29.6 C41
29.70660 118.80600 37.5 C42
30.23250 119.54100 33.0 C43
29.92230 119.77000 34.4 C44
29.685   119.355   34.0 C45
29.55060 120.03900 30.3 C46
29.39100 119.62200 30.3 C47
29.21930 120.11400 32.4 C48
28.98260 119.91900 31.5 C49
29.90000 119.11200 33.2 C50
29.13410 118.23100 32.9 C51
28.91680 118.42500 33.7 C53
28.70960 119.17800 35.6 C54
28.56440 120.12300 32.0 C55
28.44640 118.67800 32.4 C56
