BD001 121.8337 31.0352
BD002 121.0433 30.7166
BD003 120.8602 30.6689
BD004 120.3432 30.6658
BD005 121.34 30.2826
BD006 120.5401 30.2961
BD007 120.3925 31.0664
BD008 120.5168 31.5047
BD009 120.40676 31.7996
BD010 120.9917 30.1255
BD011 121.783 30.9653
BD012 121.581 30.9357
BD013 120.3787 30.9058
BD014 121.2237 31.5904
BD015 121.0338 31.5781
BD016 120.8844 31.5297
BD017 120.9114 31.7302
BD018 120.6961 31.8159
BD019 121.5445 31.676
BD020 121.4843 31.9339
BD021 121.8037 31.8942
BD022 121.8741 31.7168
BD023 121.6554 31.0242
BD024 121.4623 30.989
BD025 121.188 30.9107
BD026 120.63 30.73
BD027 121.7681 31.2054
BD028 121.6612 31.1232
BD029 121.4788 31.1249
BD030 120.9014 30.965
BD031 120.7203 30.913
BD032 121.702 31.2852
BD033 121.2471 31.1983
BD034 121.064 31.1686
BD035 120.7211 31.1025
BD036 121.8556 31.3428
BD037 121.7723 31.5637
BD038 121.3466 31.7066
BD039 121.3348 31.8176
BD040 120.6431 30.541
BD041 120.5134 29.9288
BD042 121.5206 31.3692
BD043 121.3799 31.3654
BD044 121.1397 31.334
BD045 120.9896 31.2954
BD046 120.8875 31.2661
BD047 120.7094 31.5413
BD048 120.7534 31.2387
BD049 121.0188 30.8351
BD050 121.5678 31.5626
BD051 121.1473 31.4411
BD052 121.3118 31.4601
BD053 121.32 30.7436
BD054 121.1179 30.6231
BD055 120.9077 30.5001
BD056 121.4119 30.8502
BD057 121.6677 30.8755
BD058 121.8869 30.9051
BD200 121.364 31.1523
BD201 120.377 30.4805
BD204 120.591 31.6665
BD205 119.347 31.8282
BD206 120.28 31.1466
BD207 119.596 30.5131
BD208 121.222 30.8182
BD209 120.895 31.3653
BD210 121.755 31.0472
BD219 121.436 31.2188
BD227 121.666 31.422
BD233 121.257 31.0525
BD251 121.266 31.9387
BD252 121.109 32.0083
BD254 121.027 31.867
BD255 120.558 31.9454
BD256 120.824 31.7283
BD259 121.079 31.6669
BD261 120.895 31.6015
BD268 119.811 29.917
BD271 120.728 32.0867
BD272 120.964 32.0966
BD273 121.1 32.0808
BD275 121.47 32.0809
BD276 119.984 31.6154
BD279 120.581 32.0601
BD281 119.786 30.2147
BD282 119.708 31.7398
BD283 119.717 30.7077
BD284 119.68 30.9795
BD287 119.373 30.814
BD288 120.082 30.5825
BD289 119.671 32.0762
BD291 119.708 31.3132
BD292 120.179 31.8285
BD293 122.048 30.1087
BD295 120.882 31.1047
BD298 119.979 32.067
BD299 122.365 30.4538
BD301 118.996 30.577
BD302 122.204 30.3135
BD303 119.334 30.5763
BD304 119.308 31.0597
BD305 119.381 30.2903
BD306 119.335 30.0001
ANQ 117.02 30.58
BAS 117.376 31.473
BEB 117.297 32.906
CHZ 118.28 32.285
DYN 117.469 32.644
FZL 116.27 31.349
HBE 116.79 33.982
HEF 117.142 31.824
HNA 116.804 32.633
HSH 118.058 31.77
HUS 118.378 29.706
JAS 118.262 32.811
JIX 118.378 30.699
JZA 115.884 31.689
LAN 116.501 31.715
MCG 116.48 33.35
SCH 116.984 31.348
SIX 117.859 33.558
TOL 117.819 30.925
BY 119.267 33.263
CS 120.715 31.67
CZ 120.098 31.773
DF 120.46 33.17
DH 118.772 34.505
GAY 118.983 34.943
GC 119.017 31.353
GUY 119.238 34.309
GY 119.43 32.73
HA 120.659 32.499
HUA 119.005 33.615
JJ 120.303 32.066
JT 119.543 31.734
KS 120.95 31.39
LAS 119.283 33.772
LH 118.945 32.515
LIS 119.114 31.646
LY 119.462 31.384
LYG 119.243 34.641
NJ2 118.854 32.052
NT 120.891 31.952
PX 116.9 34.8
PZ 117.967 34.52
QD 121.685 31.836
RD 121.135 32.401
SH 118.156 33.544
SQ 118.307 34.05
SY 120.25 33.767
TZ 119.919 32.409
WX 120.223 31.525
XH 119.847 32.889
XIY 118.389 34.381
XW 119.542 34.498
XY 118.49 33.07
XZ 117.166 34.231
YC 120.02 33.37
YGD 121.41 32.53
YX 119.637 31.155
ZJ 119.447 32.148
DYS 122.067 30.583
HUH 119.798 30.448
QHS 121.259 30.792
SSE 121.186 31.1
TMS 121.148 31.078
TPS 120.494 31.289
XKS 121.142 31.058
CHA 118.413 29.47
CHX 119.658 31.087
HAY 120.848 30.383
HAZ 120.114 30.267
HUZ 120.095 30.842
JAX 120.888 30.78
LIA 118.958 30.143
NIB 121.52 29.984
NIH 121.704 29.246
QIY 119.064 27.616
NJD 121.07 27.46
SHS 122.451 30.706
SOY 119.51 28.45
WEZ 120.668 27.927
WXJ 118.826 28.696
XAJ 119.271 29.482
XIC 120.862 29.482
XJU 120.77 28.88
XSH 120.105 29.894
YIX 121.326 29.801
YOK 120.201 28.962
YUQ 121.08 28.415
YUY 121.094 29.953
ZHS 122.117 30.038
A202 117.52 31.6803
A205 119.1667 31.09833
A206 116.448 31.5822
A207 116.984 31.3483
A210 118.944 30.9647
A211 116.293 31.1217
A213 118.378 30.6992
A214 118.976 30.6919
A215 119.277 30.8
A216 116.236 30.4617
A217 116.94 31.0531
A218 117.019 30.585
A219 118.546 30.3411
A220 118.723 30.3011
AANQ 117.02 30.58
ABAS 117.3756 31.4727
ABEB 117.2974 32.9055
ACHZ 118.2801 32.2855
ADYN 117.4689 32.6442
AFZL 116.2704 31.3487
AHBE 116.79 33.9817
AHEF 117.142 31.824
AHNA 116.8039 32.6335
AHSH 118.0577 31.7696
AHUS 118.3778 29.7061
AJAS 118.2625 32.8106
AJIX 118.3778 30.6992
AJZA 115.8839 31.6889
ALAN 116.501 31.715
AMAS 118.5689 31.6927
AMCG 116.48 33.35
ASCH 116.9842 31.348
ASIX 117.8591 33.5576
ATOL 117.819 30.9246
C006 115.946 28.2945
C007 116.0474 27.81523
C008 116.148 27.4271
C009 116.48 27.0747
C010 115.52 30.2566
C011 115.723 29.6698
C012 115.568 27.6584
C014 116.1731 28.75588
C015 116.6476 28.23646
C016 116.7224 27.88524
C017 116.898 27.4739
C019 116.09 30.275
C020 116.69 29.0804
C022 117.223 27.9201
C023 117.251 28.7938
C025 117.334 29.34913
C026 117.24 29.46631
C027 117.157 27.5866
C029 116.931 29.8134
C030 116.9031 29.93608
C031 116.814 30.013
C033 116.5672 30.37743
C035 117.339 30.1356
C036 117.918 30.4245
C037 117.581 29.7256
C038 117.955 30.087
C039 118.071 29.6727
C040 118.47 29.9882
C041 117.901 29.2812
C042 118.806 29.7066
C043 119.541 30.2325
C044 119.77 29.9223
C045 119.355 29.6849
C046 120.039 29.5506
C047 119.622 29.391
C048 120.114 29.2193
C049 119.919 28.9826
C050 119.112 29.9
C051 118.231 29.1341
C052 118.93 29.1513
C053 118.425 28.9168
C054 119.178 28.7096
C055 120.123 28.5644
C056 118.678 28.4464
C057 119.13 28.2108
C058 119.788 28.1806
C059 119.212 27.8914
C060 119.5215 27.71594
C061 117.578 27.4188
C062 118.148 27.4814
C063 118.797 27.4772
C064 117.133 27.0422
C065 117.644 27.0217
C066 118.218 27.0057
C067 119.1058 27.14009
C073 117.677 28.2227
C074 118.363 27.9371
C075 118.316 28.04953
C076 118.0901 28.1111
C077 118.0526 28.26392
C078 118.0411 28.37269
C079 117.9535 28.51388
C080 117.8696 28.59778
C081 117.8043 28.72874
C082 117.6869 28.83828
C083 117.6515 28.95309
FFDQ 120.26 27.12
FPCN 118.52 27.91
FSNQ 119.48 27.4
FSWD 117.48 27.33
FWYX 118.01 27.75
FZHN 118.86 27.36
HHME 115.894 30.135
HN15 115.5392 31.12941
JDUC 116.194 29.2563
JFEC 115.728 27.9325
JGAY 118.9831 34.9433
JHUA 119.005 33.6147
JJDZ 117.261 29.2754
JJIJ 116.01 29.6474
JJIX 116.247 28.2122
JLAS 119.2833 33.7717
JLEA 115.848 27.4101
JLYG 119.2425 34.6414
JNAC 116.576 27.5393
JNJ2 118.8544 32.0517
JNNC 115.8 28.77
JSHR 117.976 28.4434
JXIY 119.5422 34.4981
JYOX 115.606 29.0832
JYUG 116.625 28.826
SDYS 122.0667 30.5833
SHUH 119.7975 30.4478
SNAH 121.7556 31.0475
SQHS 121.2592 30.7922
SSSE 121.186 31.1
STMS 121.1483 31.0783
STPS 120.4942 31.2892
SXKS 121.1419 31.0578
ZCHA 118.413 29.4695
ZCHX 119.6578 31.0865
ZHAY 120.8476 30.3831
ZHAZ 120.114 30.2665
ZHUZ 120.0952 30.8423
ZJAX 120.8877 30.7802
ZLIA 118.9578 30.1433
ZNIB 121.5202 29.9837
ZNIH 121.7042 29.2458
ZQIY 119.0635 27.6164
ZSHS 122.4507 30.7055
ZWEZ 120.6677 27.9271
ZWXJ 118.8256 28.6961
ZXAJ 119.2708 29.4817
ZXIC 120.8622 29.4818
ZXSH 120.1052 29.8938
ZYIX 121.3262 29.8008
ZYOK 120.2008 28.9621
ZYUQ 121.0803 28.4149
ZYUY 121.0939 29.9534
ZZHS 122.1165 30.0378
